Removed Pin From Net: NetName=GND Pin=C34-1
Removed Pin From Net: NetName=+12V Pin=C34-2
Removed Pin From Net: NetName=GND Pin=DA1-4
Removed Pin From Net: NetName=+6V Pin=DA1-5
Removed Pin From Net: NetName=+12V Pin=DA1-8
Removed Pin From Net: NetName=GND Pin=X4-10
Removed Pin From Net: NetName=+12V Pin=X4-11
Removed Pin From Net: NetName=GND Pin=X4-12
Removed Member From Class: ClassName=MODEM1 Member=C3
Removed Member From Class: ClassName=MODEM1 Member=C4
Removed Member From Class: ClassName=MODEM1 Member=C5
Removed Member From Class: ClassName=MODEM1 Member=C34
Removed Member From Class: ClassName=MODEM1 Member=DA1
Removed Member From Class: ClassName=MODEM1 Member=R1
Removed Member From Class: ClassName=MODEM1 Member=R2
Removed Member From Class: ClassName=MODEM1 Member=R3
Removed Member From Class: ClassName=MODEM1 Member=R4
Removed Member From Class: ClassName=MODEM1 Member=R5
Removed Member From Class: ClassName=MODEM1 Member=R6
Removed Member From Class: ClassName=MODEM1 Member=R7
Removed Member From Class: ClassName=MODEM1 Member=R8
Removed Member From Class: ClassName=MODEM1 Member=R9
Removed Member From Class: ClassName=MODEM1 Member=R10
Removed Member From Class: ClassName=MODEM1 Member=R11
Removed Member From Class: ClassName=MODEM1 Member=SA1
Removed Member From Class: ClassName=MODEM1 Member=VD2
Change Component Comment : Designator=C31 Old Comment=220uF New Comment=SH050M0220B5S-1012
Added Component: Designator=C18(CC0805)
Added Component: Designator=C19(CC0805)
Added Component: Designator=C20(SMB)
Added Component: Designator=DA3(L78L06ABD)
Added Pin To Net: NetName=GND Pin=C18-1
Added Pin To Net: NetName=+12V Pin=C18-2
Added Pin To Net: NetName=GND Pin=C19-1
Added Pin To Net: NetName=GND Pin=C20-1
Added Pin To Net: NetName=GND Pin=DA3-2
Added Pin To Net: NetName=GND Pin=DA3-3
Added Pin To Net: NetName=GND Pin=DA3-6
Added Pin To Net: NetName=GND Pin=DA3-7
Added Pin To Net: NetName=+12V Pin=DA3-8
Added Pin To Net: NetName=+6V Pin=X4-9
Added Pin To Net: NetName=+12V Pin=X4-10
Added Pin To Net: NetName=GND Pin=X4-11
Added Pin To Net: NetName=+3.3V Pin=C19-2
Added Pin To Net: NetName=+3.3V Pin=C20-2
Added Pin To Net: NetName=+3.3V Pin=DA3-1
Added Pin To Net: NetName=+3.3V Pin=X4-8
Added Net: Name=+3.3V
Added Pin To Net: NetName=IN-OUT Pin=X4-12
Added Net: Name=IN-OUT
Added Member To Class: ClassName=MODEM1 Member=Component C18 0.1uF
Added Member To Class: ClassName=MODEM1 Member=Component C19 0.1uF
Added Member To Class: ClassName=MODEM1 Member=Component C20 10uF
Added Member To Class: ClassName=MODEM1 Member=Component DA3 L78L33ABD
