Change Component Footprint: Designator=RV2 Old Footprint=JVR14N361 New Footprint=JVR07N330
Added Component: Designator=DD2(CMX868D2)
Added Component: Designator=DD6(ST3232BDR)
Added Pin To Net: NetName=OSC2 Pin=DD2-2
Added Pin To Net: NetName=GND Pin=DD2-4
Added Pin To Net: NetName=GND Pin=DD2-5
Added Pin To Net: NetName=+3.3V Pin=DD2-7
Added Pin To Net: NetName=GND Pin=DD2-8
Added Pin To Net: NetName=RXFB Pin=DD2-9
Added Pin To Net: NetName=RXIN Pin=DD2-10
Added Pin To Net: NetName=BIAS Pin=DD2-11
Added Pin To Net: NetName=GND Pin=DD2-12
Added Pin To Net: NetName=VBIAS Pin=DD2-13
Added Pin To Net: NetName=TXOP Pin=DD2-15
Added Pin To Net: NetName=+3.3V Pin=DD2-16
Added Pin To Net: NetName=GND Pin=DD2-17
Added Pin To Net: NetName=\SS Pin=DD2-18
Added Pin To Net: NetName=MOSI Pin=DD2-19
Added Pin To Net: NetName=SCLK Pin=DD2-20
Added Pin To Net: NetName=GND Pin=DD2-21
Added Pin To Net: NetName=MISO Pin=DD2-22
Added Pin To Net: NetName=RDYN Pin=DD2-23
Added Pin To Net: NetName=+3.3V Pin=DD2-24
Added Pin To Net: NetName=C1+ Pin=DD6-1
Added Pin To Net: NetName=V+ Pin=DD6-2
Added Pin To Net: NetName=C1- Pin=DD6-3
Added Pin To Net: NetName=C2+ Pin=DD6-4
Added Pin To Net: NetName=C2- Pin=DD6-5
Added Pin To Net: NetName=V- Pin=DD6-6
Added Pin To Net: NetName=TXD Pin=DD6-7
Added Pin To Net: NetName=RXD Pin=DD6-8
Added Pin To Net: NetName=U1RX Pin=DD6-9
Added Pin To Net: NetName=U1TX Pin=DD6-10
Added Pin To Net: NetName=GND Pin=DD6-15
Added Pin To Net: NetName=+3.3V Pin=DD6-16
Added Member To Class: ClassName=MODEM Member=Component DD2 CMX868D2
Added Member To Class: ClassName=MODEM Member=Component DD6 ST3232BDR
