Removed Pin From Net: NetName=NetC5_1 Pin=C5-1
Removed Pin From Net: NetName=NetDA1_2 Pin=DA1-2
Removed Pin From Net: NetName=NetC3_2 Pin=DA1-3
Removed Pin From Net: NetName=NetC5_1 Pin=R11-2
Added Component: Designator=C1(TS02-22.5)
Added Component: Designator=C2(TS02-22.5)
Added Component: Designator=C3(CC0805)
Added Component: Designator=C4(CC1206)
Added Component: Designator=C5(CC1206)
Added Component: Designator=C6(CC0805)
Added Component: Designator=C7(SMB)
Added Component: Designator=C8(CC0805)
Added Component: Designator=C9(CC0805)
Added Component: Designator=C11(CC0805)
Added Component: Designator=C12(CC0805)
Added Component: Designator=C13(CC0805)
Added Component: Designator=C14(CC0805)
Added Component: Designator=C15(CC0805)
Added Component: Designator=C16(CC0805)
Added Component: Designator=C17(SMB)
Added Component: Designator=C18(CC0805)
Added Component: Designator=C19(CC0805)
Added Component: Designator=C20(SMB)
Added Component: Designator=C21(CC0805)
Added Component: Designator=C22(CC0805)
Added Component: Designator=C23(CC0805)
Added Component: Designator=C24(CC0805)
Added Component: Designator=C25(CC0805)
Added Component: Designator=C26(CC0805)
Added Component: Designator=C27(CC0805)
Added Component: Designator=C28(CC0805)
Added Component: Designator=C29(CC0805)
Added Component: Designator=C30(CC0805)
Added Component: Designator=C31(SH050-1019)
Added Component: Designator=C32(CC0805)
Added Component: Designator=C33(CC0805)
Added Component: Designator=C34(CC0805)
Added Component: Designator=C35(SMD)
Added Component: Designator=DA1(MC33202DG)
Added Component: Designator=DA2(L78L06ABD)
Added Component: Designator=DA3(L78L06ABD)
Added Component: Designator=DA4(TEN3-2412WIN)
Added Component: Designator=DD1(FX604D4)
Added Component: Designator=DD2(CMX868D2)
Added Component: Designator=DD3(PIC24HJ128GP502)
Added Component: Designator=DD4(SP3485)
Added Component: Designator=DD5(SP3485)
Added Component: Designator=DD6(ST3232BDR)
Added Component: Designator=FU1(TRF250-120)
Added Component: Designator=FU2(VP1-2)
Added Component: Designator=HL1(KP-3216EC)
Added Component: Designator=HL2(KP-3216EC)
Added Component: Designator=HL3(KP-3216EC)
Added Component: Designator=L1(MMZ2012Y202B)
Added Component: Designator=L2(MMZ2012Y202B)
Added Component: Designator=L3(DLW31SN)
Added Component: Designator=L4(DLW31SN)
Added Component: Designator=L5(UU10LF)
Added Component: Designator=R1(RC1206)
Added Component: Designator=R2(RC0805)
Added Component: Designator=R3(RC0805)
Added Component: Designator=R4(RC0805)
Added Component: Designator=R5(RC0805)
Added Component: Designator=R6(RC0805)
Added Component: Designator=R7(RC0805)
Added Component: Designator=R8(RC0805)
Added Component: Designator=R9(RC0805)
Added Component: Designator=R10(RC0805)
Added Component: Designator=R11(RC0805)
Added Component: Designator=R12(RC0805)
Added Component: Designator=R13(RC0805)
Added Component: Designator=R14(RC0805)
Added Component: Designator=R15(RC0805)
Added Component: Designator=R16(RC0805)
Added Component: Designator=R17(RC0805)
Added Component: Designator=R18(RC0805)
Added Component: Designator=R19(RC0805)
Added Component: Designator=R20(RC0805)
Added Component: Designator=R21(RC0805)
Added Component: Designator=R22(RC1206)
Added Component: Designator=RV1(JVR07N330)
Added Component: Designator=RV2(JVR07N330)
Added Component: Designator=SA1(DHN-08F-V)
Added Component: Designator=SA2(DHN-06F-V)
Added Component: Designator=TV1(LM-NP-1001)
Added Component: Designator=VD1(SM6T6V8CA)
Added Component: Designator=VD2(BAV199)
Added Component: Designator=VD3(SMAJ6.0CA)
Added Component: Designator=VD4(SMAJ6.0CA)
Added Component: Designator=VD5(SMAJ6.0CA)
Added Component: Designator=VD6(SMAJ6.0CA)
Added Component: Designator=VD7(SMAJ6.0CA)
Added Component: Designator=VD8(SMAJ6.0CA)
Added Component: Designator=VD9(SMAJ6.0CA)
Added Component: Designator=VD10(SMAJ6.0CA)
Added Component: Designator=VD11(SS14)
Added Component: Designator=VT1(BCR135)
Added Component: Designator=VT2(BCR135)
Added Component: Designator=X1(8113_S/07)
Added Component: Designator=X2(8113_S/07)
Added Component: Designator=X3(PLS-06)
Added Component: Designator=X4(PLS-12)
Added Component: Designator=X4(PLS-12)
Added Component: Designator=ZQ1(HC-49/S)
Added Pin To Net: NetName=LINE1 Pin=C1-1
Added Pin To Net: NetName=LINE2 Pin=C2-1
Added Pin To Net: NetName=NetC5_1 Pin=C5-1
Added Pin To Net: NetName=RXIN Pin=C6-1
Added Pin To Net: NetName=RXFB Pin=C6-2
Added Pin To Net: NetName=GND Pin=C7-1
Added Pin To Net: NetName=GND Pin=C8-1
Added Pin To Net: NetName=OSC1 Pin=C8-2
Added Pin To Net: NetName=GND Pin=C9-1
Added Pin To Net: NetName=OSC2 Pin=C9-2
Added Pin To Net: NetName=C1+ Pin=C11-1
Added Pin To Net: NetName=C1- Pin=C11-2
Added Pin To Net: NetName=C2+ Pin=C12-1
Added Pin To Net: NetName=C2- Pin=C12-2
Added Pin To Net: NetName=VDD Pin=C13-1
Added Pin To Net: NetName=V+ Pin=C13-2
Added Pin To Net: NetName=GND Pin=C14-1
Added Pin To Net: NetName=V- Pin=C14-2
Added Pin To Net: NetName=GND Pin=C15-1
Added Pin To Net: NetName=+12V Pin=C15-2
Added Pin To Net: NetName=GND Pin=C16-1
Added Pin To Net: NetName=+6V Pin=C16-2
Added Pin To Net: NetName=GND Pin=C17-1
Added Pin To Net: NetName=+6V Pin=C17-2
Added Pin To Net: NetName=GND Pin=C18-1
Added Pin To Net: NetName=+12V Pin=C18-2
Added Pin To Net: NetName=GND Pin=C19-1
Added Pin To Net: NetName=+3.3V Pin=C19-2
Added Pin To Net: NetName=GND Pin=C20-1
Added Pin To Net: NetName=+3.3V Pin=C20-2
Added Pin To Net: NetName=GND Pin=C21-1
Added Pin To Net: NetName=+3.3V Pin=C21-2
Added Pin To Net: NetName=GND Pin=C22-1
Added Pin To Net: NetName=+3.3V Pin=C22-2
Added Pin To Net: NetName=GND Pin=C23-1
Added Pin To Net: NetName=+3.3V Pin=C23-2
Added Pin To Net: NetName=GND Pin=C24-1
Added Pin To Net: NetName=+3.3V Pin=C24-2
Added Pin To Net: NetName=GND Pin=C25-1
Added Pin To Net: NetName=+3.3V Pin=C25-2
Added Pin To Net: NetName=GND Pin=C26-1
Added Pin To Net: NetName=+3.3V Pin=C26-2
Added Pin To Net: NetName=GND Pin=C27-1
Added Pin To Net: NetName=+3.3V Pin=C27-2
Added Pin To Net: NetName=GND Pin=C28-1
Added Pin To Net: NetName=+3.3V Pin=C28-2
Added Pin To Net: NetName=GND Pin=C29-1
Added Pin To Net: NetName=+3.3V Pin=C29-2
Added Pin To Net: NetName=SMB Pin=C30-1
Added Pin To Net: NetName=GND Pin=C33-1
Added Pin To Net: NetName=+12V Pin=C33-2
Added Pin To Net: NetName=GND Pin=C34-1
Added Pin To Net: NetName=+12V Pin=C34-2
Added Pin To Net: NetName=GND Pin=C35-1
Added Pin To Net: NetName=+12V Pin=C35-2
Added Pin To Net: NetName=NetDA1_2 Pin=DA1-2
Added Pin To Net: NetName=NetC3_2 Pin=DA1-3
Added Pin To Net: NetName=GND Pin=DA1-4
Added Pin To Net: NetName=+6V Pin=DA1-5
Added Pin To Net: NetName=+12V Pin=DA1-8
Added Pin To Net: NetName=+6V Pin=DA2-1
Added Pin To Net: NetName=GND Pin=DA2-2
Added Pin To Net: NetName=GND Pin=DA2-3
Added Pin To Net: NetName=GND Pin=DA2-6
Added Pin To Net: NetName=GND Pin=DA2-7
Added Pin To Net: NetName=+12V Pin=DA2-8
Added Pin To Net: NetName=+3.3V Pin=DA3-1
Added Pin To Net: NetName=GND Pin=DA3-2
Added Pin To Net: NetName=GND Pin=DA3-3
Added Pin To Net: NetName=GND Pin=DA3-6
Added Pin To Net: NetName=GND Pin=DA3-7
Added Pin To Net: NetName=+12V Pin=DA3-8
Added Pin To Net: NetName=+12V Pin=DA4-14
Added Pin To Net: NetName=GND Pin=DA4-16
Added Pin To Net: NetName=OSC2 Pin=DD1-2
Added Pin To Net: NetName=M0 Pin=DD1-3
Added Pin To Net: NetName=M1 Pin=DD1-4
Added Pin To Net: NetName=RXIN Pin=DD1-5
Added Pin To Net: NetName=RXFB Pin=DD1-6
Added Pin To Net: NetName=GND Pin=DD1-8
Added Pin To Net: NetName=VBIAS Pin=DD1-9
Added Pin To Net: NetName=\SS Pin=DD1-10
Added Pin To Net: NetName=MOSI Pin=DD1-11
Added Pin To Net: NetName=SCLK Pin=DD1-12
Added Pin To Net: NetName=MISO Pin=DD1-13
Added Pin To Net: NetName=DET Pin=DD1-14
Added Pin To Net: NetName=RDYN Pin=DD1-15
Added Pin To Net: NetName=+3.3V Pin=DD1-16
Added Pin To Net: NetName=OSC2 Pin=DD2-2
Added Pin To Net: NetName=GND Pin=DD2-4
Added Pin To Net: NetName=GND Pin=DD2-5
Added Pin To Net: NetName=+3.3V Pin=DD2-7
Added Pin To Net: NetName=GND Pin=DD2-8
Added Pin To Net: NetName=RXFB Pin=DD2-9
Added Pin To Net: NetName=RXIN Pin=DD2-10
Added Pin To Net: NetName=BIAS Pin=DD2-11
Added Pin To Net: NetName=GND Pin=DD2-12
Added Pin To Net: NetName=VBIAS Pin=DD2-13
Added Pin To Net: NetName=+3.3V Pin=DD2-16
Added Pin To Net: NetName=GND Pin=DD2-17
Added Pin To Net: NetName=\SS Pin=DD2-18
Added Pin To Net: NetName=MOSI Pin=DD2-19
Added Pin To Net: NetName=SCLK Pin=DD2-20
Added Pin To Net: NetName=GND Pin=DD2-21
Added Pin To Net: NetName=MISO Pin=DD2-22
Added Pin To Net: NetName=RDYN Pin=DD2-23
Added Pin To Net: NetName=+3.3V Pin=DD2-24
Added Pin To Net: NetName=MCLR Pin=DD3-1
Added Pin To Net: NetName=M0 Pin=DD3-2
Added Pin To Net: NetName=M1 Pin=DD3-3
Added Pin To Net: NetName=PGED1 Pin=DD3-4
Added Pin To Net: NetName=PGEC1 Pin=DD3-5
Added Pin To Net: NetName=OSC1 Pin=DD3-9
Added Pin To Net: NetName=OSC2 Pin=DD3-10
Added Pin To Net: NetName=DET Pin=DD3-12
Added Pin To Net: NetName=+3.3V Pin=DD3-13
Added Pin To Net: NetName=HL1 Pin=DD3-15
Added Pin To Net: NetName=HL2 Pin=DD3-16
Added Pin To Net: NetName=MISO Pin=DD3-17
Added Pin To Net: NetName=MOSI Pin=DD3-18
Added Pin To Net: NetName=GND Pin=DD3-19
Added Pin To Net: NetName=SCLK Pin=DD3-21
Added Pin To Net: NetName=\SS Pin=DD3-22
Added Pin To Net: NetName=RDYN Pin=DD3-23
Added Pin To Net: NetName=U1RX Pin=DD3-24
Added Pin To Net: NetName=U1TX Pin=DD3-25
Added Pin To Net: NetName=T/R\ Pin=DD3-26
Added Pin To Net: NetName=GND Pin=DD3-27
Added Pin To Net: NetName=+3.3V Pin=DD3-28
Added Pin To Net: NetName=U1RX Pin=DD4-1
Added Pin To Net: NetName=T/R\ Pin=DD4-2
Added Pin To Net: NetName=T/R\ Pin=DD4-3
Added Pin To Net: NetName=U1TX Pin=DD4-4
Added Pin To Net: NetName=GND Pin=DD4-5
Added Pin To Net: NetName=A Pin=DD4-6
Added Pin To Net: NetName=B Pin=DD4-7
Added Pin To Net: NetName=+3.3V Pin=DD4-8
Added Pin To Net: NetName=+3.3V Pin=DD5-2
Added Pin To Net: NetName=+3.3V Pin=DD5-3
Added Pin To Net: NetName=U1TX Pin=DD5-4
Added Pin To Net: NetName=GND Pin=DD5-5
Added Pin To Net: NetName=Y Pin=DD5-6
Added Pin To Net: NetName=Z Pin=DD5-7
Added Pin To Net: NetName=+3.3V Pin=DD5-8
Added Pin To Net: NetName=C1+ Pin=DD6-1
Added Pin To Net: NetName=V+ Pin=DD6-2
Added Pin To Net: NetName=C1- Pin=DD6-3
Added Pin To Net: NetName=C2+ Pin=DD6-4
Added Pin To Net: NetName=C2- Pin=DD6-5
Added Pin To Net: NetName=V- Pin=DD6-6
Added Pin To Net: NetName=TXD Pin=DD6-7
Added Pin To Net: NetName=RXD Pin=DD6-8
Added Pin To Net: NetName=U1RX Pin=DD6-9
Added Pin To Net: NetName=U1TX Pin=DD6-10
Added Pin To Net: NetName=GND Pin=DD6-15
Added Pin To Net: NetName=+3.3V Pin=DD6-16
Added Pin To Net: NetName=+3.3V Pin=HL1-1
Added Pin To Net: NetName=+3.3V Pin=HL2-1
Added Pin To Net: NetName=GND Pin=HL3-2
Added Pin To Net: NetName=TXD Pin=L1-1
Added Pin To Net: NetName=232-TX Pin=L1-2
Added Pin To Net: NetName=RXD Pin=L2-1
Added Pin To Net: NetName=232-RX Pin=L2-2
Added Pin To Net: NetName=B Pin=L3-1
Added Pin To Net: NetName=485-B Pin=L3-2
Added Pin To Net: NetName=485-A Pin=L3-3
Added Pin To Net: NetName=A Pin=L3-4
Added Pin To Net: NetName=Z Pin=L4-1
Added Pin To Net: NetName=422-Z Pin=L4-2
Added Pin To Net: NetName=422-Y Pin=L4-3
Added Pin To Net: NetName=Y Pin=L4-4
Added Pin To Net: NetName=SMB Pin=L5-1
Added Pin To Net: NetName=NetC5_1 Pin=R11-2
Added Pin To Net: NetName=RXIN Pin=R12-2
Added Pin To Net: NetName=RXIN Pin=R13-1
Added Pin To Net: NetName=RXFB Pin=R13-2
Added Pin To Net: NetName=+3.3V Pin=R16-1
Added Pin To Net: NetName=A Pin=R16-2
Added Pin To Net: NetName=A Pin=R17-1
Added Pin To Net: NetName=B Pin=R17-2
Added Pin To Net: NetName=B Pin=R18-1
Added Pin To Net: NetName=GND Pin=R18-2
Added Pin To Net: NetName=+3.3V Pin=R19-1
Added Pin To Net: NetName=Y Pin=R19-2
Added Pin To Net: NetName=Y Pin=R20-1
Added Pin To Net: NetName=Z Pin=R20-2
Added Pin To Net: NetName=Z Pin=R21-1
Added Pin To Net: NetName=GND Pin=R21-2
Added Pin To Net: NetName=+12V Pin=R22-1
Added Pin To Net: NetName=GND Pin=SA2-1
Added Pin To Net: NetName=GND Pin=SA2-2
Added Pin To Net: NetName=GND Pin=SA2-3
Added Pin To Net: NetName=GND Pin=SA2-4
Added Pin To Net: NetName=GND Pin=SA2-5
Added Pin To Net: NetName=GND Pin=SA2-6
Added Pin To Net: NetName=PGEC1 Pin=SA2-11
Added Pin To Net: NetName=PGED1 Pin=SA2-12
Added Pin To Net: NetName=+6V Pin=TV1-8
Added Pin To Net: NetName=GND Pin=VD3-1
Added Pin To Net: NetName=TXD Pin=VD3-2
Added Pin To Net: NetName=GND Pin=VD4-1
Added Pin To Net: NetName=RXD Pin=VD4-2
Added Pin To Net: NetName=A Pin=VD5-1
Added Pin To Net: NetName=GND Pin=VD5-2
Added Pin To Net: NetName=B Pin=VD6-1
Added Pin To Net: NetName=A Pin=VD6-2
Added Pin To Net: NetName=GND Pin=VD7-1
Added Pin To Net: NetName=B Pin=VD7-2
Added Pin To Net: NetName=Y Pin=VD8-1
Added Pin To Net: NetName=GND Pin=VD8-2
Added Pin To Net: NetName=Z Pin=VD9-1
Added Pin To Net: NetName=Y Pin=VD9-2
Added Pin To Net: NetName=GND Pin=VD10-1
Added Pin To Net: NetName=Z Pin=VD10-2
Added Pin To Net: NetName=SPB Pin=VD11-1
Added Pin To Net: NetName=HL1 Pin=VT1-1
Added Pin To Net: NetName=GND Pin=VT1-2
Added Pin To Net: NetName=HL2 Pin=VT2-1
Added Pin To Net: NetName=GND Pin=VT2-2
Added Pin To Net: NetName=SPB Pin=X1-1
Added Pin To Net: NetName=SMB Pin=X1-2
Added Pin To Net: NetName=GND Pin=X1-5
Added Pin To Net: NetName=LINE1 Pin=X1-6
Added Pin To Net: NetName=LINE2 Pin=X1-7
Added Pin To Net: NetName=232-TX Pin=X2-1
Added Pin To Net: NetName=232-RX Pin=X2-2
Added Pin To Net: NetName=GND Pin=X2-3
Added Pin To Net: NetName=485-A Pin=X2-4
Added Pin To Net: NetName=485-B Pin=X2-5
Added Pin To Net: NetName=422-Y Pin=X2-6
Added Pin To Net: NetName=422-Z Pin=X2-7
Added Pin To Net: NetName=MCLR Pin=X3-1
Added Pin To Net: NetName=+3.3V Pin=X3-2
Added Pin To Net: NetName=GND Pin=X3-3
Added Pin To Net: NetName=PGED1 Pin=X3-4
Added Pin To Net: NetName=PGEC1 Pin=X3-5
Added Pin To Net: NetName=TXD Pin=X4-1
Added Pin To Net: NetName=TXD Pin=X4-1
Added Pin To Net: NetName=RXD Pin=X4-2
Added Pin To Net: NetName=RXD Pin=X4-2
Added Pin To Net: NetName=GND Pin=X4-3
Added Pin To Net: NetName=GND Pin=X4-3
Added Pin To Net: NetName=A Pin=X4-4
Added Pin To Net: NetName=A Pin=X4-4
Added Pin To Net: NetName=B Pin=X4-5
Added Pin To Net: NetName=B Pin=X4-5
Added Pin To Net: NetName=Y Pin=X4-6
Added Pin To Net: NetName=Y Pin=X4-6
Added Pin To Net: NetName=Z Pin=X4-7
Added Pin To Net: NetName=Z Pin=X4-7
Added Pin To Net: NetName=GND Pin=X4-10
Added Pin To Net: NetName=GND Pin=X4-10
Added Pin To Net: NetName=+12V Pin=X4-11
Added Pin To Net: NetName=+12V Pin=X4-11
Added Pin To Net: NetName=GND Pin=X4-12
Added Pin To Net: NetName=GND Pin=X4-12
Added Pin To Net: NetName=OSC1 Pin=ZQ1-1
Added Pin To Net: NetName=OSC2 Pin=ZQ1-2
Added Pin To Net: NetName=RXAN Pin=C5-2
Added Pin To Net: NetName=RXAN Pin=R12-1
Added Pin To Net: NetName=RXAN Pin=X4-9
Added Pin To Net: NetName=RXAN Pin=X4-9
Added Net: Name=RXAN
Added Pin To Net: NetName=TXAN Pin=C4-2
Added Pin To Net: NetName=TXAN Pin=DD1-7
Added Pin To Net: NetName=TXAN Pin=DD2-15
Added Pin To Net: NetName=TXAN Pin=X4-8
Added Pin To Net: NetName=TXAN Pin=X4-8
Added Net: Name=TXAN
Added Class: Name=MODEM1
Added Class: Name=MODEM2
Added Room: Name=MODEM1
Added Room: Name=MODEM2
Added Room: Name=MODEM
