Removed Pin From Net: NetName=SPB Pin=X1-1
Removed Pin From Net: NetName=SMB Pin=X1-2
Removed Pin From Net: NetName=LINE1 Pin=X1-6
Removed Pin From Net: NetName=LINE2 Pin=X1-7
Removed Pin From Net: NetName=232-TX Pin=X2-1
Removed Pin From Net: NetName=232-RX Pin=X2-2
Removed Pin From Net: NetName=GND Pin=X2-3
Removed Pin From Net: NetName=485-B Pin=X2-5
Removed Pin From Net: NetName=422-Y Pin=X2-6
Removed Pin From Net: NetName=422-Z Pin=X2-7
Added Pin To Net: NetName=SMB Pin=X1-1
Added Pin To Net: NetName=SPB Pin=X1-2
Added Pin To Net: NetName=LINE2 Pin=X1-6
Added Pin To Net: NetName=LINE1 Pin=X1-7
Added Pin To Net: NetName=422-Z Pin=X2-1
Added Pin To Net: NetName=422-Y Pin=X2-2
Added Pin To Net: NetName=485-B Pin=X2-3
Added Pin To Net: NetName=GND Pin=X2-5
Added Pin To Net: NetName=232-RX Pin=X2-6
Added Pin To Net: NetName=232-TX Pin=X2-7
